2018-09-26-INFO  EndpointHandlerMapping - Mapped "{[/beans || /beans.json],methods=[GET],produces=[application/vnd.spring-boot.actuator.v1+json || application/json]}" onto public java.lang.Object org.springframework.boot.actuate.endpoint.mvc.EndpointMvcAdapter.invoke()
2018-09-26-INFO  EndpointHandlerMapping - Mapped "{[/info || /info.json],methods=[GET],produces=[application/vnd.spring-boot.actuator.v1+json || application/json]}" onto public java.lang.Object org.springframework.boot.actuate.endpoint.mvc.EndpointMvcAdapter.invoke()
2018-09-26-INFO  EndpointHandlerMapping - Mapped "{[/configprops || /configprops.json],methods=[GET],produces=[application/vnd.spring-boot.actuator.v1+json || application/json]}" onto public java.lang.Object org.springframework.boot.actuate.endpoint.mvc.EndpointMvcAdapter.invoke()
2018-09-26-INFO  EndpointHandlerMapping - Mapped "{[/mappings || /mappings.json],methods=[GET],produces=[application/vnd.spring-boot.actuator.v1+json || application/json]}" onto public java.lang.Object org.springframework.boot.actuate.endpoint.mvc.EndpointMvcAdapter.invoke()
2018-09-26-INFO  FreeMarkerConfigurer - ClassTemplateLoader for Spring macros added to FreeMarker configuration
2018-09-26-WARN  EurekaServerStarterDeprecationWarningAutoConfiguration - spring-cloud-starter-eureka-server is deprecated as of Spring Cloud Netflix 1.4.0, please migrate to spring-cloud-starter-netflix-eureka-server
2018-09-26-INFO  AnnotationMBeanExporter - Registering beans for JMX exposure on startup
2018-09-26-INFO  AnnotationMBeanExporter - Bean with name 'configurationPropertiesRebinder' has been autodetected for JMX exposure
2018-09-26-INFO  AnnotationMBeanExporter - Bean with name 'refreshEndpoint' has been autodetected for JMX exposure
2018-09-26-INFO  AnnotationMBeanExporter - Bean with name 'environmentManager' has been autodetected for JMX exposure
2018-09-26-INFO  AnnotationMBeanExporter - Bean with name 'serviceRegistryEndpoint' has been autodetected for JMX exposure
2018-09-26-INFO  AnnotationMBeanExporter - Bean with name 'refreshScope' has been autodetected for JMX exposure
2018-09-26-INFO  AnnotationMBeanExporter - Located managed bean 'environmentManager': registering with JMX server as MBean [org.springframework.cloud.context.environment:name=environmentManager,type=EnvironmentManager]
2018-09-26-INFO  AnnotationMBeanExporter - Located managed bean 'serviceRegistryEndpoint': registering with JMX server as MBean [org.springframework.cloud.client.serviceregistry.endpoint:name=serviceRegistryEndpoint,type=ServiceRegistryEndpoint]
2018-09-26-INFO  AnnotationMBeanExporter - Located managed bean 'refreshScope': registering with JMX server as MBean [org.springframework.cloud.context.scope.refresh:name=refreshScope,type=RefreshScope]
2018-09-26-INFO  AnnotationMBeanExporter - Located managed bean 'configurationPropertiesRebinder': registering with JMX server as MBean [org.springframework.cloud.context.properties:name=configurationPropertiesRebinder,context=3f270e0a,type=ConfigurationPropertiesRebinder]
2018-09-26-INFO  AnnotationMBeanExporter - Located managed bean 'refreshEndpoint': registering with JMX server as MBean [org.springframework.cloud.endpoint:name=refreshEndpoint,type=RefreshEndpoint]
2018-09-26-INFO  EndpointMBeanExporter - Registering beans for JMX exposure on startup
2018-09-26-INFO  DefaultLifecycleProcessor - Starting beans in phase 0
2018-09-26-INFO  InstanceInfoFactory - Setting initial instance status as: STARTING
2018-09-26-INFO  DiscoveryClient - Initializing Eureka in region us-east-1
2018-09-26-INFO  DiscoveryJerseyProvider - Using JSON encoding codec LegacyJacksonJson
2018-09-26-INFO  DiscoveryJerseyProvider - Using JSON decoding codec LegacyJacksonJson
2018-09-26-INFO  DiscoveryJerseyProvider - Using XML encoding codec XStreamXml
2018-09-26-INFO  DiscoveryJerseyProvider - Using XML decoding codec XStreamXml
2018-09-26-INFO  ConfigClusterResolver - Resolving eureka endpoints via configuration
2018-09-26-INFO  DiscoveryClient - Disable delta property : false
2018-09-26-INFO  DiscoveryClient - Single vip registry refresh property : null
2018-09-26-INFO  DiscoveryClient - Force full registry fetch : false
2018-09-26-INFO  DiscoveryClient - Application is null : false
2018-09-26-INFO  DiscoveryClient - Registered Applications size is zero : true
2018-09-26-INFO  DiscoveryClient - Application version is -1: true
2018-09-26-INFO  DiscoveryClient - Getting all instance registry info from the eureka server
2018-09-26-INFO  DiscoveryClient - The response status is 200
2018-09-26-INFO  DiscoveryClient - Starting heartbeat executor: renew interval is: 30
2018-09-26-INFO  InstanceInfoReplicator - InstanceInfoReplicator onDemand update allowed rate per min is 4
2018-09-26-INFO  DiscoveryClient - Discovery Client initialized at timestamp 1537957936888 with initial instances count: 0
2018-09-26-INFO  EurekaServiceRegistry - Registering application UserService with eureka with status UP
2018-09-26-INFO  DiscoveryClient - Saw local status change event StatusChangeEvent [timestamp=1537957936897, current=UP, previous=STARTING]
2018-09-26-INFO  DiscoveryClient - DiscoveryClient_USERSERVICE/192.168.120.1:8081: registering service...
2018-09-26-INFO  EndpointMBeanExporter - Located managed bean 'auditEventsEndpoint': registering with JMX server as MBean [org.springframework.boot:type=Endpoint,name=auditEventsEndpoint]
2018-09-26-INFO  EndpointMBeanExporter - Located managed bean 'archaiusEndpoint': registering with JMX server as MBean [org.springframework.boot:type=Endpoint,name=archaiusEndpoint]
2018-09-26-INFO  EndpointMBeanExporter - Located managed bean 'featuresEndpoint': registering with JMX server as MBean [org.springframework.boot:type=Endpoint,name=featuresEndpoint]
2018-09-26-INFO  EndpointMBeanExporter - Located managed bean 'requestMappingEndpoint': registering with JMX server as MBean [org.springframework.boot:type=Endpoint,name=requestMappingEndpoint]
2018-09-26-INFO  EndpointMBeanExporter - Located managed bean 'environmentEndpoint': registering with JMX server as MBean [org.springframework.boot:type=Endpoint,name=environmentEndpoint]
2018-09-26-INFO  EndpointMBeanExporter - Located managed bean 'healthEndpoint': registering with JMX server as MBean [org.springframework.boot:type=Endpoint,name=healthEndpoint]
2018-09-26-INFO  EndpointMBeanExporter - Located managed bean 'beansEndpoint': registering with JMX server as MBean [org.springframework.boot:type=Endpoint,name=beansEndpoint]
2018-09-26-INFO  EndpointMBeanExporter - Located managed bean 'infoEndpoint': registering with JMX server as MBean [org.springframework.boot:type=Endpoint,name=infoEndpoint]
2018-09-26-INFO  EndpointMBeanExporter - Located managed bean 'loggersEndpoint': registering with JMX server as MBean [org.springframework.boot:type=Endpoint,name=loggersEndpoint]
2018-09-26-INFO  EndpointMBeanExporter - Located managed bean 'metricsEndpoint': registering with JMX server as MBean [org.springframework.boot:type=Endpoint,name=metricsEndpoint]
2018-09-26-INFO  EndpointMBeanExporter - Located managed bean 'traceEndpoint': registering with JMX server as MBean [org.springframework.boot:type=Endpoint,name=traceEndpoint]
2018-09-26-INFO  EndpointMBeanExporter - Located managed bean 'dumpEndpoint': registering with JMX server as MBean [org.springframework.boot:type=Endpoint,name=dumpEndpoint]
2018-09-26-INFO  EndpointMBeanExporter - Located managed bean 'autoConfigurationReportEndpoint': registering with JMX server as MBean [org.springframework.boot:type=Endpoint,name=autoConfigurationReportEndpoint]
2018-09-26-INFO  EndpointMBeanExporter - Located managed bean 'configurationPropertiesReportEndpoint': registering with JMX server as MBean [org.springframework.boot:type=Endpoint,name=configurationPropertiesReportEndpoint]
2018-09-26-INFO  TomcatEmbeddedServletContainer - Tomcat started on port(s): 8081 (http)
2018-09-26-INFO  EurekaAutoServiceRegistration - Updating port to 8081
2018-09-26-INFO  UserServiceApplication - Started UserServiceApplication in 14.79 seconds (JVM running for 15.668)
2018-09-26-INFO  DiscoveryClient - DiscoveryClient_USERSERVICE/192.168.120.1:8081 - registration status: 204
2018-09-26-INFO  DiscoveryClient - Disable delta property : false
2018-09-26-INFO  DiscoveryClient - Single vip registry refresh property : null
2018-09-26-INFO  DiscoveryClient - Force full registry fetch : false
2018-09-26-INFO  DiscoveryClient - Application is null : false
2018-09-26-INFO  DiscoveryClient - Registered Applications size is zero : true
2018-09-26-INFO  DiscoveryClient - Application version is -1: false
2018-09-26-INFO  DiscoveryClient - Getting all instance registry info from the eureka server
2018-09-26-INFO  DiscoveryClient - The response status is 200
2018-09-26-INFO  DispatcherServlet - FrameworkServlet 'dispatcherServlet': initialization started
2018-09-26-INFO  DispatcherServlet - FrameworkServlet 'dispatcherServlet': initialization completed in 26 ms
2018-09-26-INFO  UserServiceImpl - Entered into login() : admin
2018-09-26-INFO  UserServiceImpl - Entered into login() : admin
2018-09-26-INFO  QueryTranslatorFactoryInitiator - HHH000397: Using ASTQueryTranslatorFactory
2018-09-26-INFO  UserServiceImpl - Response from login() : Response [status=FAILURE, msg=Access Denied, data=null]
2018-09-26-INFO  ConfigClusterResolver - Resolving eureka endpoints via configuration
2018-09-26-INFO  UserServiceImpl - Entered into login() : admin
2018-09-26-INFO  UserServiceImpl - Entered into login() : admin
2018-09-26-INFO  UserServiceImpl - Response from login() : Response [status=FAILURE, msg=Access Denied, data=null]
2018-09-26-INFO  UserServiceImpl - Entered into login() : admin
2018-09-26-INFO  UserServiceImpl - Entered into login() : admin
2018-09-26-INFO  UserServiceImpl - Response from login() : Response [status=FAILURE, msg=Access Denied, data=null]
2018-09-26-INFO  UserServiceImpl - Entered into login() : admin
2018-09-26-INFO  UserServiceImpl - Entered into login() : admin
2018-09-26-INFO  UserServiceImpl - Response from login() : Response [status=FAILURE, msg=Access Denied, data=null]
2018-09-26-INFO  ConfigClusterResolver - Resolving eureka endpoints via configuration
2018-09-26-INFO  SpringApplicationAdminMXBeanRegistrar$SpringApplicationAdmin - Application shutdown requested.
2018-09-26-INFO  AnnotationConfigEmbeddedWebApplicationContext - Closing org.springframework.boot.context.embedded.AnnotationConfigEmbeddedWebApplicationContext@3f270e0a: startup date [Wed Sep 26 16:02:04 IST 2018]; parent: org.springframework.context.annotation.AnnotationConfigApplicationContext@3e92efc3
2018-09-26-INFO  EurekaServiceRegistry - Unregistering application UserService with eureka with status DOWN
2018-09-26-WARN  DiscoveryClient - Saw local status change event StatusChangeEvent [timestamp=1537958565017, current=DOWN, previous=UP]
2018-09-26-INFO  DiscoveryClient - DiscoveryClient_USERSERVICE/192.168.120.1:8081: registering service...
2018-09-26-INFO  DefaultLifecycleProcessor - Stopping beans in phase 0
2018-09-26-INFO  DiscoveryClient - DiscoveryClient_USERSERVICE/192.168.120.1:8081 - registration status: 204
2018-09-26-INFO  EndpointMBeanExporter - Unregistering JMX-exposed beans on shutdown
2018-09-26-INFO  EndpointMBeanExporter - Unregistering JMX-exposed beans
2018-09-26-INFO  AnnotationMBeanExporter - Unregistering JMX-exposed beans on shutdown
2018-09-26-INFO  AnnotationMBeanExporter - Unregistering JMX-exposed beans
2018-09-26-INFO  DiscoveryClient - Shutting down DiscoveryClient ...
2018-09-26-INFO  DiscoveryClient - Unregistering ...
2018-09-26-INFO  DiscoveryClient - DiscoveryClient_USERSERVICE/192.168.120.1:8081 - deregister  status: 200
2018-09-26-INFO  DiscoveryClient - Completed shut down of DiscoveryClient
2018-09-26-INFO  LocalContainerEntityManagerFactoryBean - Closing JPA EntityManagerFactory for persistence unit 'default'
2018-09-29-INFO  AnnotationConfigApplicationContext - Refreshing org.springframework.context.annotation.AnnotationConfigApplicationContext@3e92efc3: startup date [Sat Sep 29 12:23:16 IST 2018]; root of context hierarchy
2018-09-29-INFO  Version - HV000001: Hibernate Validator 5.3.6.Final
2018-09-29-INFO  AutowiredAnnotationBeanPostProcessor - JSR-330 'javax.inject.Inject' annotation found and supported for autowiring
2018-09-29-INFO  PostProcessorRegistrationDelegate$BeanPostProcessorChecker - Bean 'configurationPropertiesRebinderAutoConfiguration' of type [org.springframework.cloud.autoconfigure.ConfigurationPropertiesRebinderAutoConfiguration$$EnhancerBySpringCGLIB$$f8c06e81] is not eligible for getting processed by all BeanPostProcessors (for example: not eligible for auto-proxying)
2018-09-29-INFO  UserServiceApplication - No active profile set, falling back to default profiles: default
2018-09-29-INFO  AnnotationConfigEmbeddedWebApplicationContext - Refreshing org.springframework.boot.context.embedded.AnnotationConfigEmbeddedWebApplicationContext@3f270e0a: startup date [Sat Sep 29 12:23:17 IST 2018]; parent: org.springframework.context.annotation.AnnotationConfigApplicationContext@3e92efc3
2018-09-29-INFO  GenericScope - BeanFactory id=bcbe1e8b-2e28-3387-b1b0-2b36b0a68964
2018-09-29-INFO  AutowiredAnnotationBeanPostProcessor - JSR-330 'javax.inject.Inject' annotation found and supported for autowiring
2018-09-29-INFO  PostProcessorRegistrationDelegate$BeanPostProcessorChecker - Bean 'org.springframework.transaction.annotation.ProxyTransactionManagementConfiguration' of type [org.springframework.transaction.annotation.ProxyTransactionManagementConfiguration$$EnhancerBySpringCGLIB$$dca66b84] is not eligible for getting processed by all BeanPostProcessors (for example: not eligible for auto-proxying)
2018-09-29-INFO  PostProcessorRegistrationDelegate$BeanPostProcessorChecker - Bean 'org.springframework.cloud.netflix.metrics.MetricsInterceptorConfiguration$MetricsRestTemplateConfiguration' of type [org.springframework.cloud.netflix.metrics.MetricsInterceptorConfiguration$MetricsRestTemplateConfiguration$$EnhancerBySpringCGLIB$$ed311c5] is not eligible for getting processed by all BeanPostProcessors (for example: not eligible for auto-proxying)
2018-09-29-INFO  PostProcessorRegistrationDelegate$BeanPostProcessorChecker - Bean 'org.springframework.cloud.autoconfigure.ConfigurationPropertiesRebinderAutoConfiguration' of type [org.springframework.cloud.autoconfigure.ConfigurationPropertiesRebinderAutoConfiguration$$EnhancerBySpringCGLIB$$f8c06e81] is not eligible for getting processed by all BeanPostProcessors (for example: not eligible for auto-proxying)
2018-09-29-INFO  TomcatEmbeddedServletContainer - Tomcat initialized with port(s): 8081 (http)
2018-09-29-INFO  ContextLoader - Root WebApplicationContext: initialization completed in 4353 ms
2018-09-29-INFO  ServletRegistrationBean - Mapping servlet: 'dispatcherServlet' to [/]
2018-09-29-INFO  FilterRegistrationBean - Mapping filter: 'metricsFilter' to: [/*]
2018-09-29-INFO  FilterRegistrationBean - Mapping filter: 'characterEncodingFilter' to: [/*]
2018-09-29-INFO  FilterRegistrationBean - Mapping filter: 'hiddenHttpMethodFilter' to: [/*]
2018-09-29-INFO  FilterRegistrationBean - Mapping filter: 'httpPutFormContentFilter' to: [/*]
2018-09-29-INFO  FilterRegistrationBean - Mapping filter: 'requestContextFilter' to: [/*]
2018-09-29-INFO  FilterRegistrationBean - Mapping filter: 'webRequestLoggingFilter' to: [/*]
2018-09-29-INFO  FilterRegistrationBean - Mapping filter: 'applicationContextIdFilter' to: [/*]
2018-09-29-INFO  LocalContainerEntityManagerFactoryBean - Building JPA container EntityManagerFactory for persistence unit 'default'
2018-09-29-INFO  LogHelper - HHH000204: Processing PersistenceUnitInfo [
	name: default
	...]
2018-09-29-INFO  Version - HHH000412: Hibernate Core {5.0.12.Final}
2018-09-29-INFO  Environment - HHH000206: hibernate.properties not found
2018-09-29-INFO  Environment - HHH000021: Bytecode provider name : javassist
2018-09-29-INFO  Version - HCANN000001: Hibernate Commons Annotations {5.0.1.Final}
2018-09-29-INFO  Dialect - HHH000400: Using dialect: org.hibernate.dialect.Oracle9iDialect
2018-09-29-INFO  LobCreatorBuilderImpl - HHH000424: Disabling contextual LOB creation as createClob() method threw error : java.lang.reflect.InvocationTargetException
2018-09-29-INFO  LocalContainerEntityManagerFactoryBean - Initialized JPA EntityManagerFactory for persistence unit 'default'
2018-09-29-INFO  Dialect - HHH000400: Using dialect: org.hibernate.dialect.Oracle10gDialect
2018-09-29-INFO  LobCreatorBuilderImpl - HHH000424: Disabling contextual LOB creation as createClob() method threw error : java.lang.reflect.InvocationTargetException
2018-09-29-INFO  SpringTemplateLoader - SpringTemplateLoader for FreeMarker: using resource loader [org.springframework.boot.context.embedded.AnnotationConfigEmbeddedWebApplicationContext@3f270e0a: startup date [Sat Sep 29 12:23:17 IST 2018]; parent: org.springframework.context.annotation.AnnotationConfigApplicationContext@3e92efc3] and template loader path [classpath:/]
2018-09-29-WARN  ArchaiusAutoConfiguration - No spring.application.name found, defaulting to 'application'
2018-09-29-WARN  URLConfigurationSource - No URLs will be polled as dynamic configuration sources.
2018-09-29-INFO  URLConfigurationSource - To enable URLs as dynamic configuration sources, define System property archaius.configurationSource.additionalUrls or make config.properties available on classpath.
2018-09-29-WARN  URLConfigurationSource - No URLs will be polled as dynamic configuration sources.
2018-09-29-INFO  URLConfigurationSource - To enable URLs as dynamic configuration sources, define System property archaius.configurationSource.additionalUrls or make config.properties available on classpath.
2018-09-29-INFO  RequestMappingHandlerAdapter - Looking for @ControllerAdvice: org.springframework.boot.context.embedded.AnnotationConfigEmbeddedWebApplicationContext@3f270e0a: startup date [Sat Sep 29 12:23:17 IST 2018]; parent: org.springframework.context.annotation.AnnotationConfigApplicationContext@3e92efc3
2018-09-29-INFO  RequestMappingHandlerMapping - Mapped "{[/users/login],methods=[POST],consumes=[application/json],produces=[application/json]}" onto public com.brs.beans.common.Response com.brs.userservicemanagement.controller.UserController.login(com.brs.beans.common.LoginRQ)
2018-09-29-INFO  RequestMappingHandlerMapping - Mapped "{[/users/forgotPassword],methods=[GET],consumes=[application/json],produces=[application/json]}" onto public com.brs.beans.common.Response com.brs.userservicemanagement.controller.UserController.forgotPossword(java.lang.String)
2018-09-29-INFO  RequestMappingHandlerMapping - Mapped "{[/users/reset],methods=[GET],consumes=[application/json],produces=[application/json]}" onto public com.brs.beans.common.Response com.brs.userservicemanagement.controller.UserController.verfyURL(java.lang.String)
2018-09-29-INFO  RequestMappingHandlerMapping - Mapped "{[/users/changePassword],methods=[POST],consumes=[application/json],produces=[application/json]}" onto public com.brs.beans.common.Response com.brs.userservicemanagement.controller.UserController.changePassword(com.brs.beans.common.ChangePasswordRQ)
2018-09-29-INFO  RequestMappingHandlerMapping - Mapped "{[/users/validateOTP/{userId}/{otp}],methods=[GET],produces=[application/json]}" onto public com.brs.beans.common.Response com.brs.userservicemanagement.controller.UserController.validateOTP(java.lang.Long,java.lang.String)
2018-09-29-INFO  RequestMappingHandlerMapping - Mapped "{[/users/resendOTP/{userId}],methods=[GET],produces=[application/json]}" onto public com.brs.beans.common.Response com.brs.userservicemanagement.controller.UserController.resendOTP()
2018-09-29-INFO  RequestMappingHandlerMapping - Mapped "{[/users/registerPassenger],methods=[POST],consumes=[application/json],produces=[application/json]}" onto public com.brs.beans.common.Response com.brs.userservicemanagement.controller.UserController.registerPassenger(com.brs.beans.common.PassengerProfileRQ)
2018-09-29-INFO  RequestMappingHandlerMapping - Mapped "{[/users/viewProfile],methods=[POST],consumes=[application/json],produces=[application/json]}" onto public com.brs.beans.common.Response com.brs.userservicemanagement.controller.UserController.getProfileDetails(com.brs.beans.common.ViewProfileRQ)
2018-09-29-INFO  RequestMappingHandlerMapping - Mapped "{[/error]}" onto public org.springframework.http.ResponseEntity<java.util.Map<java.lang.String, java.lang.Object>> org.springframework.boot.autoconfigure.web.BasicErrorController.error(javax.servlet.http.HttpServletRequest)
2018-09-29-INFO  RequestMappingHandlerMapping - Mapped "{[/error],produces=[text/html]}" onto public org.springframework.web.servlet.ModelAndView org.springframework.boot.autoconfigure.web.BasicErrorController.errorHtml(javax.servlet.http.HttpServletRequest,javax.servlet.http.HttpServletResponse)
2018-09-29-INFO  SimpleUrlHandlerMapping - Mapped URL path [/webjars/**] onto handler of type [class org.springframework.web.servlet.resource.ResourceHttpRequestHandler]
2018-09-29-INFO  SimpleUrlHandlerMapping - Mapped URL path [/**] onto handler of type [class org.springframework.web.servlet.resource.ResourceHttpRequestHandler]
2018-09-29-INFO  SimpleUrlHandlerMapping - Mapped URL path [/**/favicon.ico] onto handler of type [class org.springframework.web.servlet.resource.ResourceHttpRequestHandler]
2018-09-29-INFO  EndpointHandlerMapping - Mapped "{[/dump || /dump.json],methods=[GET],produces=[application/vnd.spring-boot.actuator.v1+json || application/json]}" onto public java.lang.Object org.springframework.boot.actuate.endpoint.mvc.EndpointMvcAdapter.invoke()
2018-09-29-INFO  EndpointHandlerMapping - Mapped "{[/autoconfig || /autoconfig.json],methods=[GET],produces=[application/vnd.spring-boot.actuator.v1+json || application/json]}" onto public java.lang.Object org.springframework.boot.actuate.endpoint.mvc.EndpointMvcAdapter.invoke()
2018-09-29-INFO  EndpointHandlerMapping - Mapped "{[/heapdump || /heapdump.json],methods=[GET],produces=[application/octet-stream]}" onto public void org.springframework.boot.actuate.endpoint.mvc.HeapdumpMvcEndpoint.invoke(boolean,javax.servlet.http.HttpServletRequest,javax.servlet.http.HttpServletResponse) throws java.io.IOException,javax.servlet.ServletException
2018-09-29-INFO  EndpointHandlerMapping - Mapped "{[/beans || /beans.json],methods=[GET],produces=[application/vnd.spring-boot.actuator.v1+json || application/json]}" onto public java.lang.Object org.springframework.boot.actuate.endpoint.mvc.EndpointMvcAdapter.invoke()
2018-09-29-INFO  EndpointHandlerMapping - Mapped "{[/configprops || /configprops.json],methods=[GET],produces=[application/vnd.spring-boot.actuator.v1+json || application/json]}" onto public java.lang.Object org.springframework.boot.actuate.endpoint.mvc.EndpointMvcAdapter.invoke()
2018-09-29-INFO  EndpointHandlerMapping - Mapped "{[/metrics/{name:.*}],methods=[GET],produces=[application/vnd.spring-boot.actuator.v1+json || application/json]}" onto public java.lang.Object org.springframework.boot.actuate.endpoint.mvc.MetricsMvcEndpoint.value(java.lang.String)
2018-09-29-INFO  EndpointHandlerMapping - Mapped "{[/metrics || /metrics.json],methods=[GET],produces=[application/vnd.spring-boot.actuator.v1+json || application/json]}" onto public java.lang.Object org.springframework.boot.actuate.endpoint.mvc.EndpointMvcAdapter.invoke()
2018-09-29-INFO  EndpointHandlerMapping - Mapped "{[/features || /features.json],methods=[GET],produces=[application/vnd.spring-boot.actuator.v1+json || application/json]}" onto public java.lang.Object org.springframework.boot.actuate.endpoint.mvc.EndpointMvcAdapter.invoke()
2018-09-29-INFO  EndpointHandlerMapping - Mapped "{[/archaius || /archaius.json],methods=[GET],produces=[application/vnd.spring-boot.actuator.v1+json || application/json]}" onto public java.lang.Object org.springframework.boot.actuate.endpoint.mvc.EndpointMvcAdapter.invoke()
2018-09-29-INFO  EndpointHandlerMapping - Mapped "{[/auditevents || /auditevents.json],methods=[GET],produces=[application/vnd.spring-boot.actuator.v1+json || application/json]}" onto public org.springframework.http.ResponseEntity<?> org.springframework.boot.actuate.endpoint.mvc.AuditEventsMvcEndpoint.findByPrincipalAndAfterAndType(java.lang.String,java.util.Date,java.lang.String)
2018-09-29-INFO  EndpointHandlerMapping - Mapped "{[/refresh || /refresh.json],methods=[POST]}" onto public java.lang.Object org.springframework.cloud.endpoint.GenericPostableMvcEndpoint.invoke()
2018-09-29-INFO  EndpointHandlerMapping - Mapped "{[/logfile || /logfile.json],methods=[GET || HEAD]}" onto public void org.springframework.boot.actuate.endpoint.mvc.LogFileMvcEndpoint.invoke(javax.servlet.http.HttpServletRequest,javax.servlet.http.HttpServletResponse) throws javax.servlet.ServletException,java.io.IOException
2018-09-29-INFO  EndpointHandlerMapping - Mapped "{[/trace || /trace.json],methods=[GET],produces=[application/vnd.spring-boot.actuator.v1+json || application/json]}" onto public java.lang.Object org.springframework.boot.actuate.endpoint.mvc.EndpointMvcAdapter.invoke()
2018-09-29-INFO  EndpointHandlerMapping - Mapped "{[/info || /info.json],methods=[GET],produces=[application/vnd.spring-boot.actuator.v1+json || application/json]}" onto public java.lang.Object org.springframework.boot.actuate.endpoint.mvc.EndpointMvcAdapter.invoke()
2018-09-29-INFO  EndpointHandlerMapping - Mapped "{[/health || /health.json],methods=[GET],produces=[application/vnd.spring-boot.actuator.v1+json || application/json]}" onto public java.lang.Object org.springframework.boot.actuate.endpoint.mvc.HealthMvcEndpoint.invoke(javax.servlet.http.HttpServletRequest,java.security.Principal)
2018-09-29-INFO  EndpointHandlerMapping - Mapped "{[/loggers/{name:.*}],methods=[GET],produces=[application/vnd.spring-boot.actuator.v1+json || application/json]}" onto public java.lang.Object org.springframework.boot.actuate.endpoint.mvc.LoggersMvcEndpoint.get(java.lang.String)
2018-09-29-INFO  EndpointHandlerMapping - Mapped "{[/loggers/{name:.*}],methods=[POST],consumes=[application/vnd.spring-boot.actuator.v1+json || application/json],produces=[application/vnd.spring-boot.actuator.v1+json || application/json]}" onto public java.lang.Object org.springframework.boot.actuate.endpoint.mvc.LoggersMvcEndpoint.set(java.lang.String,java.util.Map<java.lang.String, java.lang.String>)
2018-09-29-INFO  EndpointHandlerMapping - Mapped "{[/loggers || /loggers.json],methods=[GET],produces=[application/vnd.spring-boot.actuator.v1+json || application/json]}" onto public java.lang.Object org.springframework.boot.actuate.endpoint.mvc.EndpointMvcAdapter.invoke()
2018-09-29-INFO  EndpointHandlerMapping - Mapped "{[/mappings || /mappings.json],methods=[GET],produces=[application/vnd.spring-boot.actuator.v1+json || application/json]}" onto public java.lang.Object org.springframework.boot.actuate.endpoint.mvc.EndpointMvcAdapter.invoke()
2018-09-29-INFO  EndpointHandlerMapping - Mapped "{[/env/{name:.*}],methods=[GET],produces=[application/vnd.spring-boot.actuator.v1+json || application/json]}" onto public java.lang.Object org.springframework.boot.actuate.endpoint.mvc.EnvironmentMvcEndpoint.value(java.lang.String)
2018-09-29-INFO  EndpointHandlerMapping - Mapped "{[/env || /env.json],methods=[GET],produces=[application/vnd.spring-boot.actuator.v1+json || application/json]}" onto public java.lang.Object org.springframework.boot.actuate.endpoint.mvc.EndpointMvcAdapter.invoke()
2018-09-29-INFO  EndpointHandlerMapping - Mapped "{[/env],methods=[POST]}" onto public java.lang.Object org.springframework.cloud.context.environment.EnvironmentManagerMvcEndpoint.value(java.util.Map<java.lang.String, java.lang.String>)
2018-09-29-INFO  EndpointHandlerMapping - Mapped "{[/env/reset],methods=[POST]}" onto public java.util.Map<java.lang.String, java.lang.Object> org.springframework.cloud.context.environment.EnvironmentManagerMvcEndpoint.reset()
2018-09-29-INFO  EndpointHandlerMapping - Mapped "{[/service-registry/instance-status],methods=[GET]}" onto public org.springframework.http.ResponseEntity org.springframework.cloud.client.serviceregistry.endpoint.ServiceRegistryEndpoint.getStatus()
2018-09-29-INFO  EndpointHandlerMapping - Mapped "{[/service-registry/instance-status],methods=[POST]}" onto public org.springframework.http.ResponseEntity<?> org.springframework.cloud.client.serviceregistry.endpoint.ServiceRegistryEndpoint.setStatus(java.lang.String)
2018-09-29-INFO  FreeMarkerConfigurer - ClassTemplateLoader for Spring macros added to FreeMarker configuration
2018-09-29-WARN  EurekaServerStarterDeprecationWarningAutoConfiguration - spring-cloud-starter-eureka-server is deprecated as of Spring Cloud Netflix 1.4.0, please migrate to spring-cloud-starter-netflix-eureka-server
2018-09-29-INFO  AnnotationMBeanExporter - Registering beans for JMX exposure on startup
2018-09-29-INFO  AnnotationMBeanExporter - Bean with name 'configurationPropertiesRebinder' has been autodetected for JMX exposure
2018-09-29-INFO  AnnotationMBeanExporter - Bean with name 'refreshEndpoint' has been autodetected for JMX exposure
2018-09-29-INFO  AnnotationMBeanExporter - Bean with name 'environmentManager' has been autodetected for JMX exposure
2018-09-29-INFO  AnnotationMBeanExporter - Bean with name 'serviceRegistryEndpoint' has been autodetected for JMX exposure
2018-09-29-INFO  AnnotationMBeanExporter - Bean with name 'refreshScope' has been autodetected for JMX exposure
2018-09-29-INFO  AnnotationMBeanExporter - Located managed bean 'environmentManager': registering with JMX server as MBean [org.springframework.cloud.context.environment:name=environmentManager,type=EnvironmentManager]
2018-09-29-INFO  AnnotationMBeanExporter - Located managed bean 'serviceRegistryEndpoint': registering with JMX server as MBean [org.springframework.cloud.client.serviceregistry.endpoint:name=serviceRegistryEndpoint,type=ServiceRegistryEndpoint]
2018-09-29-INFO  AnnotationMBeanExporter - Located managed bean 'refreshScope': registering with JMX server as MBean [org.springframework.cloud.context.scope.refresh:name=refreshScope,type=RefreshScope]
2018-09-29-INFO  AnnotationMBeanExporter - Located managed bean 'configurationPropertiesRebinder': registering with JMX server as MBean [org.springframework.cloud.context.properties:name=configurationPropertiesRebinder,context=3f270e0a,type=ConfigurationPropertiesRebinder]
2018-09-29-INFO  AnnotationMBeanExporter - Located managed bean 'refreshEndpoint': registering with JMX server as MBean [org.springframework.cloud.endpoint:name=refreshEndpoint,type=RefreshEndpoint]
2018-09-29-INFO  EndpointMBeanExporter - Registering beans for JMX exposure on startup
2018-09-29-INFO  DefaultLifecycleProcessor - Starting beans in phase 0
2018-09-29-INFO  InstanceInfoFactory - Setting initial instance status as: STARTING
2018-09-29-INFO  DiscoveryClient - Initializing Eureka in region us-east-1
2018-09-29-INFO  DiscoveryJerseyProvider - Using JSON encoding codec LegacyJacksonJson
2018-09-29-INFO  DiscoveryJerseyProvider - Using JSON decoding codec LegacyJacksonJson
2018-09-29-INFO  DiscoveryJerseyProvider - Using XML encoding codec XStreamXml
2018-09-29-INFO  DiscoveryJerseyProvider - Using XML decoding codec XStreamXml
2018-09-29-INFO  ConfigClusterResolver - Resolving eureka endpoints via configuration
2018-09-29-INFO  DiscoveryClient - Disable delta property : false
2018-09-29-INFO  DiscoveryClient - Single vip registry refresh property : null
2018-09-29-INFO  DiscoveryClient - Force full registry fetch : false
2018-09-29-INFO  DiscoveryClient - Application is null : false
2018-09-29-INFO  DiscoveryClient - Registered Applications size is zero : true
2018-09-29-INFO  DiscoveryClient - Application version is -1: true
2018-09-29-INFO  DiscoveryClient - Getting all instance registry info from the eureka server
2018-09-29-INFO  DiscoveryClient - The response status is 200
2018-09-29-INFO  DiscoveryClient - Starting heartbeat executor: renew interval is: 30
2018-09-29-INFO  InstanceInfoReplicator - InstanceInfoReplicator onDemand update allowed rate per min is 4
2018-09-29-INFO  DiscoveryClient - Discovery Client initialized at timestamp 1538204016336 with initial instances count: 0
2018-09-29-INFO  EurekaServiceRegistry - Registering application UserService with eureka with status UP
2018-09-29-INFO  DiscoveryClient - Saw local status change event StatusChangeEvent [timestamp=1538204016344, current=UP, previous=STARTING]
2018-09-29-INFO  DiscoveryClient - DiscoveryClient_USERSERVICE/sunil-PC:8081: registering service...
2018-09-29-INFO  EndpointMBeanExporter - Located managed bean 'auditEventsEndpoint': registering with JMX server as MBean [org.springframework.boot:type=Endpoint,name=auditEventsEndpoint]
2018-09-29-INFO  EndpointMBeanExporter - Located managed bean 'archaiusEndpoint': registering with JMX server as MBean [org.springframework.boot:type=Endpoint,name=archaiusEndpoint]
2018-09-29-INFO  EndpointMBeanExporter - Located managed bean 'featuresEndpoint': registering with JMX server as MBean [org.springframework.boot:type=Endpoint,name=featuresEndpoint]
2018-09-29-INFO  EndpointMBeanExporter - Located managed bean 'requestMappingEndpoint': registering with JMX server as MBean [org.springframework.boot:type=Endpoint,name=requestMappingEndpoint]
2018-09-29-INFO  EndpointMBeanExporter - Located managed bean 'environmentEndpoint': registering with JMX server as MBean [org.springframework.boot:type=Endpoint,name=environmentEndpoint]
2018-09-29-INFO  EndpointMBeanExporter - Located managed bean 'healthEndpoint': registering with JMX server as MBean [org.springframework.boot:type=Endpoint,name=healthEndpoint]
2018-09-29-INFO  EndpointMBeanExporter - Located managed bean 'beansEndpoint': registering with JMX server as MBean [org.springframework.boot:type=Endpoint,name=beansEndpoint]
2018-09-29-INFO  EndpointMBeanExporter - Located managed bean 'infoEndpoint': registering with JMX server as MBean [org.springframework.boot:type=Endpoint,name=infoEndpoint]
2018-09-29-INFO  EndpointMBeanExporter - Located managed bean 'loggersEndpoint': registering with JMX server as MBean [org.springframework.boot:type=Endpoint,name=loggersEndpoint]
2018-09-29-INFO  EndpointMBeanExporter - Located managed bean 'metricsEndpoint': registering with JMX server as MBean [org.springframework.boot:type=Endpoint,name=metricsEndpoint]
2018-09-29-INFO  EndpointMBeanExporter - Located managed bean 'traceEndpoint': registering with JMX server as MBean [org.springframework.boot:type=Endpoint,name=traceEndpoint]
2018-09-29-INFO  EndpointMBeanExporter - Located managed bean 'dumpEndpoint': registering with JMX server as MBean [org.springframework.boot:type=Endpoint,name=dumpEndpoint]
2018-09-29-INFO  EndpointMBeanExporter - Located managed bean 'autoConfigurationReportEndpoint': registering with JMX server as MBean [org.springframework.boot:type=Endpoint,name=autoConfigurationReportEndpoint]
2018-09-29-INFO  EndpointMBeanExporter - Located managed bean 'configurationPropertiesReportEndpoint': registering with JMX server as MBean [org.springframework.boot:type=Endpoint,name=configurationPropertiesReportEndpoint]
2018-09-29-INFO  TomcatEmbeddedServletContainer - Tomcat started on port(s): 8081 (http)
2018-09-29-INFO  EurekaAutoServiceRegistration - Updating port to 8081
2018-09-29-INFO  UserServiceApplication - Started UserServiceApplication in 20.368 seconds (JVM running for 21.22)
2018-09-29-INFO  DiscoveryClient - DiscoveryClient_USERSERVICE/sunil-PC:8081 - registration status: 204
2018-09-29-INFO  DiscoveryClient - Disable delta property : false
2018-09-29-INFO  DiscoveryClient - Single vip registry refresh property : null
2018-09-29-INFO  DiscoveryClient - Force full registry fetch : false
2018-09-29-INFO  DiscoveryClient - Application is null : false
2018-09-29-INFO  DiscoveryClient - Registered Applications size is zero : true
2018-09-29-INFO  DiscoveryClient - Application version is -1: false
2018-09-29-INFO  DiscoveryClient - Getting all instance registry info from the eureka server
2018-09-29-INFO  DiscoveryClient - The response status is 200
2018-09-29-INFO  DispatcherServlet - FrameworkServlet 'dispatcherServlet': initialization started
2018-09-29-INFO  DispatcherServlet - FrameworkServlet 'dispatcherServlet': initialization completed in 20 ms
2018-09-29-INFO  UserServiceImpl - Entered into registe  rPassenger [http-nio-8081-exec-1]
2018-09-29-INFO  QueryTranslatorFactoryInitiator - HHH000397: Using ASTQueryTranslatorFactory
2018-09-29-WARN  HqlSqlWalker - [DEPRECATION] Encountered positional parameter near line 1, column 95 in HQL: [select roles.roleId from com.brs.userservicemanagement.entity.Roles as roles where roles.role=?].  Positional parameter are considered deprecated; use named parameters or JPA-style positional parameters instead.
2018-09-29-INFO  BRSSMSEventListener - Entered into onApplicationEvent() 
2018-09-29-INFO  UserServiceImpl - response of registerPassenger : Response [status=SUCCESS, msg=Please enter the otp sent to your mobile xxxxx9555, data=197] [ http-nio-8081-exec-1 ]  Time : 1557
2018-09-29-INFO  BRSSMSEventListener - {"errors":[{"code":7,"message":"Insufficient credits"}],"status":"failure"} [ SimpleAsyncTaskExecutor-38 ] 1172
2018-09-29-INFO  UserServiceImpl - Entered into registe  rPassenger [http-nio-8081-exec-3]
2018-09-29-INFO  UserServiceImpl - response of registerPassenger : Response [status=SUCCESS, msg=Please enter the otp sent to your mobile xxxxx9555, data=198] [ http-nio-8081-exec-3 ]  Time : 16
2018-09-29-INFO  BRSSMSEventListener - Entered into onApplicationEvent() 
2018-09-29-INFO  BRSSMSEventListener - {"errors":[{"code":7,"message":"Insufficient credits"}],"status":"failure"} [ SimpleAsyncTaskExecutor-45 ] 120
2018-09-29-INFO  ConfigClusterResolver - Resolving eureka endpoints via configuration
2018-09-29-INFO  UserServiceImpl - Entered into registe  rPassenger [http-nio-8081-exec-5]
2018-09-29-INFO  UserServiceImpl - response of registerPassenger : Response [status=SUCCESS, msg=Please enter the otp sent to your mobile xxxxx9555, data=199] [ http-nio-8081-exec-5 ]  Time : 14
2018-09-29-INFO  BRSSMSEventListener - Entered into onApplicationEvent() 
2018-09-29-INFO  BRSSMSEventListener - {"errors":[{"code":7,"message":"Insufficient credits"}],"status":"failure"} [ SimpleAsyncTaskExecutor-51 ] 112
2018-09-29-INFO  ConfigClusterResolver - Resolving eureka endpoints via configuration
2018-09-29-INFO  ConfigClusterResolver - Resolving eureka endpoints via configuration
2018-09-29-INFO  ConfigClusterResolver - Resolving eureka endpoints via configuration
2018-09-29-INFO  ConfigClusterResolver - Resolving eureka endpoints via configuration
2018-09-29-INFO  ConfigClusterResolver - Resolving eureka endpoints via configuration
2018-09-29-INFO  ConfigClusterResolver - Resolving eureka endpoints via configuration
2018-09-29-INFO  ConfigClusterResolver - Resolving eureka endpoints via configuration
2018-09-29-INFO  ConfigClusterResolver - Resolving eureka endpoints via configuration
2018-09-29-INFO  ConfigClusterResolver - Resolving eureka endpoints via configuration
2018-09-29-INFO  ConfigClusterResolver - Resolving eureka endpoints via configuration
2018-09-29-INFO  ConfigClusterResolver - Resolving eureka endpoints via configuration
2018-09-29-INFO  ConfigClusterResolver - Resolving eureka endpoints via configuration
2018-09-29-ERROR TimedSupervisorTask - task supervisor timed out
java.util.concurrent.TimeoutException
	at java.util.concurrent.FutureTask.get(Unknown Source)
	at com.netflix.discovery.TimedSupervisorTask.run(TimedSupervisorTask.java:63)
	at java.util.concurrent.Executors$RunnableAdapter.call(Unknown Source)
	at java.util.concurrent.FutureTask.run(Unknown Source)
	at java.util.concurrent.ScheduledThreadPoolExecutor$ScheduledFutureTask.access$201(Unknown Source)
	at java.util.concurrent.ScheduledThreadPoolExecutor$ScheduledFutureTask.run(Unknown Source)
	at java.util.concurrent.ThreadPoolExecutor.runWorker(Unknown Source)
	at java.util.concurrent.ThreadPoolExecutor$Worker.run(Unknown Source)
	at java.lang.Thread.run(Unknown Source)
2018-09-29-ERROR TimedSupervisorTask - task supervisor timed out
java.util.concurrent.TimeoutException
	at java.util.concurrent.FutureTask.get(Unknown Source)
	at com.netflix.discovery.TimedSupervisorTask.run(TimedSupervisorTask.java:63)
	at java.util.concurrent.Executors$RunnableAdapter.call(Unknown Source)
	at java.util.concurrent.FutureTask.run(Unknown Source)
	at java.util.concurrent.ScheduledThreadPoolExecutor$ScheduledFutureTask.access$201(Unknown Source)
	at java.util.concurrent.ScheduledThreadPoolExecutor$ScheduledFutureTask.run(Unknown Source)
	at java.util.concurrent.ThreadPoolExecutor.runWorker(Unknown Source)
	at java.util.concurrent.ThreadPoolExecutor$Worker.run(Unknown Source)
	at java.lang.Thread.run(Unknown Source)
2018-09-29-ERROR RedirectingEurekaHttpClient - Request execution error
com.sun.jersey.api.client.ClientHandlerException: java.net.SocketTimeoutException: Read timed out
	at com.sun.jersey.client.apache4.ApacheHttpClient4Handler.handle(ApacheHttpClient4Handler.java:187)
	at com.sun.jersey.api.client.filter.GZIPContentEncodingFilter.handle(GZIPContentEncodingFilter.java:123)
	at com.netflix.discovery.EurekaIdentityHeaderFilter.handle(EurekaIdentityHeaderFilter.java:27)
	at com.sun.jersey.api.client.Client.handle(Client.java:652)
	at com.sun.jersey.api.client.WebResource.handle(WebResource.java:682)
	at com.sun.jersey.api.client.WebResource.access$200(WebResource.java:74)
	at com.sun.jersey.api.client.WebResource$Builder.get(WebResource.java:509)
	at com.netflix.discovery.shared.transport.jersey.AbstractJerseyEurekaHttpClient.getApplicationsInternal(AbstractJerseyEurekaHttpClient.java:194)
	at com.netflix.discovery.shared.transport.jersey.AbstractJerseyEurekaHttpClient.getDelta(AbstractJerseyEurekaHttpClient.java:170)
	at com.netflix.discovery.shared.transport.decorator.EurekaHttpClientDecorator$7.execute(EurekaHttpClientDecorator.java:152)
	at com.netflix.discovery.shared.transport.decorator.MetricsCollectingEurekaHttpClient.execute(MetricsCollectingEurekaHttpClient.java:73)
	at com.netflix.discovery.shared.transport.decorator.EurekaHttpClientDecorator.getDelta(EurekaHttpClientDecorator.java:149)
	at com.netflix.discovery.shared.transport.decorator.EurekaHttpClientDecorator$7.execute(EurekaHttpClientDecorator.java:152)
	at com.netflix.discovery.shared.transport.decorator.RedirectingEurekaHttpClient.executeOnNewServer(RedirectingEurekaHttpClient.java:118)
	at com.netflix.discovery.shared.transport.decorator.RedirectingEurekaHttpClient.execute(RedirectingEurekaHttpClient.java:79)
	at com.netflix.discovery.shared.transport.decorator.EurekaHttpClientDecorator.getDelta(EurekaHttpClientDecorator.java:149)
	at com.netflix.discovery.shared.transport.decorator.EurekaHttpClientDecorator$7.execute(EurekaHttpClientDecorator.java:152)
	at com.netflix.discovery.shared.transport.decorator.RetryableEurekaHttpClient.execute(RetryableEurekaHttpClient.java:119)
	at com.netflix.discovery.shared.transport.decorator.EurekaHttpClientDecorator.getDelta(EurekaHttpClientDecorator.java:149)
	at com.netflix.discovery.shared.transport.decorator.EurekaHttpClientDecorator$7.execute(EurekaHttpClientDecorator.java:152)
	at com.netflix.discovery.shared.transport.decorator.SessionedEurekaHttpClient.execute(SessionedEurekaHttpClient.java:77)
	at com.netflix.discovery.shared.transport.decorator.EurekaHttpClientDecorator.getDelta(EurekaHttpClientDecorator.java:149)
	at com.netflix.discovery.DiscoveryClient.getAndUpdateDelta(DiscoveryClient.java:1061)
	at com.netflix.discovery.DiscoveryClient.fetchRegistry(DiscoveryClient.java:943)
	at com.netflix.discovery.DiscoveryClient.refreshRegistry(DiscoveryClient.java:1465)
	at com.netflix.discovery.DiscoveryClient$CacheRefreshThread.run(DiscoveryClient.java:1432)
	at java.util.concurrent.Executors$RunnableAdapter.call(Unknown Source)
	at java.util.concurrent.FutureTask.run(Unknown Source)
	at java.util.concurrent.ThreadPoolExecutor.runWorker(Unknown Source)
	at java.util.concurrent.ThreadPoolExecutor$Worker.run(Unknown Source)
	at java.lang.Thread.run(Unknown Source)
Caused by: java.net.SocketTimeoutException: Read timed out
	at java.net.SocketInputStream.socketRead0(Native Method)
	at java.net.SocketInputStream.socketRead(Unknown Source)
	at java.net.SocketInputStream.read(Unknown Source)
	at java.net.SocketInputStream.read(Unknown Source)
	at org.apache.http.impl.io.AbstractSessionInputBuffer.fillBuffer(AbstractSessionInputBuffer.java:161)
	at org.apache.http.impl.io.SocketInputBuffer.fillBuffer(SocketInputBuffer.java:82)
	at org.apache.http.impl.io.AbstractSessionInputBuffer.readLine(AbstractSessionInputBuffer.java:278)
	at org.apache.http.impl.conn.DefaultHttpResponseParser.parseHead(DefaultHttpResponseParser.java:138)
	at org.apache.http.impl.conn.DefaultHttpResponseParser.parseHead(DefaultHttpResponseParser.java:56)
	at org.apache.http.impl.io.AbstractMessageParser.parse(AbstractMessageParser.java:259)
	at org.apache.http.impl.AbstractHttpClientConnection.receiveResponseHeader(AbstractHttpClientConnection.java:286)
	at org.apache.http.impl.conn.DefaultClientConnection.receiveResponseHeader(DefaultClientConnection.java:257)
	at org.apache.http.impl.conn.AbstractClientConnAdapter.receiveResponseHeader(AbstractClientConnAdapter.java:230)
	at org.apache.http.protocol.HttpRequestExecutor.doReceiveResponse(HttpRequestExecutor.java:273)
	at org.apache.http.protocol.HttpRequestExecutor.execute(HttpRequestExecutor.java:125)
	at org.apache.http.impl.client.DefaultRequestDirector.tryExecute(DefaultRequestDirector.java:684)
	at org.apache.http.impl.client.DefaultRequestDirector.execute(DefaultRequestDirector.java:486)
	at org.apache.http.impl.client.AbstractHttpClient.doExecute(AbstractHttpClient.java:835)
	at org.apache.http.impl.client.CloseableHttpClient.execute(CloseableHttpClient.java:118)
	at org.apache.http.impl.client.CloseableHttpClient.execute(CloseableHttpClient.java:56)
	at com.sun.jersey.client.apache4.ApacheHttpClient4Handler.handle(ApacheHttpClient4Handler.java:173)
	... 30 more
2018-09-29-ERROR RedirectingEurekaHttpClient - Request execution error
com.sun.jersey.api.client.ClientHandlerException: java.net.SocketTimeoutException: Read timed out
	at com.sun.jersey.client.apache4.ApacheHttpClient4Handler.handle(ApacheHttpClient4Handler.java:187)
	at com.sun.jersey.api.client.filter.GZIPContentEncodingFilter.handle(GZIPContentEncodingFilter.java:123)
	at com.netflix.discovery.EurekaIdentityHeaderFilter.handle(EurekaIdentityHeaderFilter.java:27)
	at com.sun.jersey.api.client.Client.handle(Client.java:652)
	at com.sun.jersey.api.client.WebResource.handle(WebResource.java:682)
	at com.sun.jersey.api.client.WebResource.access$200(WebResource.java:74)
	at com.sun.jersey.api.client.WebResource$Builder.put(WebResource.java:529)
	at com.netflix.discovery.shared.transport.jersey.AbstractJerseyEurekaHttpClient.sendHeartBeat(AbstractJerseyEurekaHttpClient.java:102)
	at com.netflix.discovery.shared.transport.decorator.EurekaHttpClientDecorator$3.execute(EurekaHttpClientDecorator.java:92)
	at com.netflix.discovery.shared.transport.decorator.MetricsCollectingEurekaHttpClient.execute(MetricsCollectingEurekaHttpClient.java:73)
	at com.netflix.discovery.shared.transport.decorator.EurekaHttpClientDecorator.sendHeartBeat(EurekaHttpClientDecorator.java:89)
	at com.netflix.discovery.shared.transport.decorator.EurekaHttpClientDecorator$3.execute(EurekaHttpClientDecorator.java:92)
	at com.netflix.discovery.shared.transport.decorator.RedirectingEurekaHttpClient.executeOnNewServer(RedirectingEurekaHttpClient.java:118)
	at com.netflix.discovery.shared.transport.decorator.RedirectingEurekaHttpClient.execute(RedirectingEurekaHttpClient.java:79)
	at com.netflix.discovery.shared.transport.decorator.EurekaHttpClientDecorator.sendHeartBeat(EurekaHttpClientDecorator.java:89)
	at com.netflix.discovery.shared.transport.decorator.EurekaHttpClientDecorator$3.execute(EurekaHttpClientDecorator.java:92)
	at com.netflix.discovery.shared.transport.decorator.RetryableEurekaHttpClient.execute(RetryableEurekaHttpClient.java:119)
	at com.netflix.discovery.shared.transport.decorator.EurekaHttpClientDecorator.sendHeartBeat(EurekaHttpClientDecorator.java:89)
	at com.netflix.discovery.shared.transport.decorator.EurekaHttpClientDecorator$3.execute(EurekaHttpClientDecorator.java:92)
	at com.netflix.discovery.shared.transport.decorator.SessionedEurekaHttpClient.execute(SessionedEurekaHttpClient.java:77)
	at com.netflix.discovery.shared.transport.decorator.EurekaHttpClientDecorator.sendHeartBeat(EurekaHttpClientDecorator.java:89)
	at com.netflix.discovery.DiscoveryClient.renew(DiscoveryClient.java:824)
	at com.netflix.discovery.DiscoveryClient$HeartbeatThread.run(DiscoveryClient.java:1393)
	at java.util.concurrent.Executors$RunnableAdapter.call(Unknown Source)
	at java.util.concurrent.FutureTask.run(Unknown Source)
	at java.util.concurrent.ThreadPoolExecutor.runWorker(Unknown Source)
	at java.util.concurrent.ThreadPoolExecutor$Worker.run(Unknown Source)
	at java.lang.Thread.run(Unknown Source)
Caused by: java.net.SocketTimeoutException: Read timed out
	at java.net.SocketInputStream.socketRead0(Native Method)
	at java.net.SocketInputStream.socketRead(Unknown Source)
	at java.net.SocketInputStream.read(Unknown Source)
	at java.net.SocketInputStream.read(Unknown Source)
	at org.apache.http.impl.io.AbstractSessionInputBuffer.fillBuffer(AbstractSessionInputBuffer.java:161)
	at org.apache.http.impl.io.SocketInputBuffer.fillBuffer(SocketInputBuffer.java:82)
	at org.apache.http.impl.io.AbstractSessionInputBuffer.readLine(AbstractSessionInputBuffer.java:278)
	at org.apache.http.impl.conn.DefaultHttpResponseParser.parseHead(DefaultHttpResponseParser.java:138)
	at org.apache.http.impl.conn.DefaultHttpResponseParser.parseHead(DefaultHttpResponseParser.java:56)
	at org.apache.http.impl.io.AbstractMessageParser.parse(AbstractMessageParser.java:259)
	at org.apache.http.impl.AbstractHttpClientConnection.receiveResponseHeader(AbstractHttpClientConnection.java:286)
	at org.apache.http.impl.conn.DefaultClientConnection.receiveResponseHeader(DefaultClientConnection.java:257)
	at org.apache.http.impl.conn.AbstractClientConnAdapter.receiveResponseHeader(AbstractClientConnAdapter.java:230)
	at org.apache.http.protocol.HttpRequestExecutor.doReceiveResponse(HttpRequestExecutor.java:273)
	at org.apache.http.protocol.HttpRequestExecutor.execute(HttpRequestExecutor.java:125)
	at org.apache.http.impl.client.DefaultRequestDirector.tryExecute(DefaultRequestDirector.java:684)
	at org.apache.http.impl.client.DefaultRequestDirector.execute(DefaultRequestDirector.java:486)
	at org.apache.http.impl.client.AbstractHttpClient.doExecute(AbstractHttpClient.java:835)
	at org.apache.http.impl.client.CloseableHttpClient.execute(CloseableHttpClient.java:118)
	at org.apache.http.impl.client.CloseableHttpClient.execute(CloseableHttpClient.java:56)
	at com.sun.jersey.client.apache4.ApacheHttpClient4Handler.handle(ApacheHttpClient4Handler.java:173)
	... 27 more
2018-09-29-WARN  RetryableEurekaHttpClient - Request execution failed with message: java.net.SocketTimeoutException: Read timed out
2018-09-29-WARN  RetryableEurekaHttpClient - Request execution failed with message: java.net.SocketTimeoutException: Read timed out
2018-09-29-ERROR DiscoveryClient - DiscoveryClient_USERSERVICE/sunil-PC:8081 - was unable to refresh its cache! status = Cannot execute request on any known server
com.netflix.discovery.shared.transport.TransportException: Cannot execute request on any known server
	at com.netflix.discovery.shared.transport.decorator.RetryableEurekaHttpClient.execute(RetryableEurekaHttpClient.java:111)
	at com.netflix.discovery.shared.transport.decorator.EurekaHttpClientDecorator.getDelta(EurekaHttpClientDecorator.java:149)
	at com.netflix.discovery.shared.transport.decorator.EurekaHttpClientDecorator$7.execute(EurekaHttpClientDecorator.java:152)
	at com.netflix.discovery.shared.transport.decorator.SessionedEurekaHttpClient.execute(SessionedEurekaHttpClient.java:77)
	at com.netflix.discovery.shared.transport.decorator.EurekaHttpClientDecorator.getDelta(EurekaHttpClientDecorator.java:149)
	at com.netflix.discovery.DiscoveryClient.getAndUpdateDelta(DiscoveryClient.java:1061)
	at com.netflix.discovery.DiscoveryClient.fetchRegistry(DiscoveryClient.java:943)
	at com.netflix.discovery.DiscoveryClient.refreshRegistry(DiscoveryClient.java:1465)
	at com.netflix.discovery.DiscoveryClient$CacheRefreshThread.run(DiscoveryClient.java:1432)
	at java.util.concurrent.Executors$RunnableAdapter.call(Unknown Source)
	at java.util.concurrent.FutureTask.run(Unknown Source)
	at java.util.concurrent.ThreadPoolExecutor.runWorker(Unknown Source)
	at java.util.concurrent.ThreadPoolExecutor$Worker.run(Unknown Source)
	at java.lang.Thread.run(Unknown Source)
2018-09-29-ERROR DiscoveryClient - DiscoveryClient_USERSERVICE/sunil-PC:8081 - was unable to send heartbeat!
com.netflix.discovery.shared.transport.TransportException: Cannot execute request on any known server
	at com.netflix.discovery.shared.transport.decorator.RetryableEurekaHttpClient.execute(RetryableEurekaHttpClient.java:111)
	at com.netflix.discovery.shared.transport.decorator.EurekaHttpClientDecorator.sendHeartBeat(EurekaHttpClientDecorator.java:89)
	at com.netflix.discovery.shared.transport.decorator.EurekaHttpClientDecorator$3.execute(EurekaHttpClientDecorator.java:92)
	at com.netflix.discovery.shared.transport.decorator.SessionedEurekaHttpClient.execute(SessionedEurekaHttpClient.java:77)
	at com.netflix.discovery.shared.transport.decorator.EurekaHttpClientDecorator.sendHeartBeat(EurekaHttpClientDecorator.java:89)
	at com.netflix.discovery.DiscoveryClient.renew(DiscoveryClient.java:824)
	at com.netflix.discovery.DiscoveryClient$HeartbeatThread.run(DiscoveryClient.java:1393)
	at java.util.concurrent.Executors$RunnableAdapter.call(Unknown Source)
	at java.util.concurrent.FutureTask.run(Unknown Source)
	at java.util.concurrent.ThreadPoolExecutor.runWorker(Unknown Source)
	at java.util.concurrent.ThreadPoolExecutor$Worker.run(Unknown Source)
	at java.lang.Thread.run(Unknown Source)
2018-09-29-INFO  ConfigClusterResolver - Resolving eureka endpoints via configuration
2018-09-29-INFO  ConfigClusterResolver - Resolving eureka endpoints via configuration
2018-09-29-INFO  ConfigClusterResolver - Resolving eureka endpoints via configuration
2018-09-29-INFO  ConfigClusterResolver - Resolving eureka endpoints via configuration
2018-09-29-INFO  ConfigClusterResolver - Resolving eureka endpoints via configuration
2018-09-29-INFO  SpringApplicationAdminMXBeanRegistrar$SpringApplicationAdmin - Application shutdown requested.
2018-09-29-INFO  AnnotationConfigEmbeddedWebApplicationContext - Closing org.springframework.boot.context.embedded.AnnotationConfigEmbeddedWebApplicationContext@3f270e0a: startup date [Sat Sep 29 12:23:17 IST 2018]; parent: org.springframework.context.annotation.AnnotationConfigApplicationContext@3e92efc3
2018-09-29-INFO  EurekaServiceRegistry - Unregistering application UserService with eureka with status DOWN
2018-09-29-WARN  DiscoveryClient - Saw local status change event StatusChangeEvent [timestamp=1538212239433, current=DOWN, previous=UP]
2018-09-29-INFO  DiscoveryClient - DiscoveryClient_USERSERVICE/sunil-PC:8081: registering service...
2018-09-29-INFO  DiscoveryClient - DiscoveryClient_USERSERVICE/sunil-PC:8081 - registration status: 204
2018-09-29-INFO  DefaultLifecycleProcessor - Stopping beans in phase 0
2018-09-29-INFO  EndpointMBeanExporter - Unregistering JMX-exposed beans on shutdown
2018-09-29-INFO  EndpointMBeanExporter - Unregistering JMX-exposed beans
2018-09-29-INFO  AnnotationMBeanExporter - Unregistering JMX-exposed beans on shutdown
2018-09-29-INFO  AnnotationMBeanExporter - Unregistering JMX-exposed beans
2018-09-29-INFO  DiscoveryClient - Shutting down DiscoveryClient ...
2018-09-29-INFO  DiscoveryClient - Unregistering ...
2018-09-29-INFO  DiscoveryClient - DiscoveryClient_USERSERVICE/sunil-PC:8081 - deregister  status: 200
2018-09-29-INFO  DiscoveryClient - Completed shut down of DiscoveryClient
2018-09-29-INFO  LocalContainerEntityManagerFactoryBean - Closing JPA EntityManagerFactory for persistence unit 'default'
2018-09-29-INFO  AnnotationConfigApplicationContext - Refreshing org.springframework.context.annotation.AnnotationConfigApplicationContext@3e92efc3: startup date [Sat Sep 29 16:04:45 IST 2018]; root of context hierarchy
2018-09-29-INFO  Version - HV000001: Hibernate Validator 5.3.6.Final
2018-09-29-INFO  AutowiredAnnotationBeanPostProcessor - JSR-330 'javax.inject.Inject' annotation found and supported for autowiring
2018-09-29-INFO  PostProcessorRegistrationDelegate$BeanPostProcessorChecker - Bean 'configurationPropertiesRebinderAutoConfiguration' of type [org.springframework.cloud.autoconfigure.ConfigurationPropertiesRebinderAutoConfiguration$$EnhancerBySpringCGLIB$$f6895c8e] is not eligible for getting processed by all BeanPostProcessors (for example: not eligible for auto-proxying)
2018-09-29-INFO  UserServiceApplication - No active profile set, falling back to default profiles: default
2018-09-29-INFO  AnnotationConfigEmbeddedWebApplicationContext - Refreshing org.springframework.boot.context.embedded.AnnotationConfigEmbeddedWebApplicationContext@1a760689: startup date [Sat Sep 29 16:04:46 IST 2018]; parent: org.springframework.context.annotation.AnnotationConfigApplicationContext@3e92efc3
2018-09-29-INFO  GenericScope - BeanFactory id=bcbe1e8b-2e28-3387-b1b0-2b36b0a68964
2018-09-29-INFO  AutowiredAnnotationBeanPostProcessor - JSR-330 'javax.inject.Inject' annotation found and supported for autowiring
2018-09-29-INFO  PostProcessorRegistrationDelegate$BeanPostProcessorChecker - Bean 'org.springframework.transaction.annotation.ProxyTransactionManagementConfiguration' of type [org.springframework.transaction.annotation.ProxyTransactionManagementConfiguration$$EnhancerBySpringCGLIB$$da6f5991] is not eligible for getting processed by all BeanPostProcessors (for example: not eligible for auto-proxying)
2018-09-29-INFO  PostProcessorRegistrationDelegate$BeanPostProcessorChecker - Bean 'org.springframework.cloud.netflix.metrics.MetricsInterceptorConfiguration$MetricsRestTemplateConfiguration' of type [org.springframework.cloud.netflix.metrics.MetricsInterceptorConfiguration$MetricsRestTemplateConfiguration$$EnhancerBySpringCGLIB$$c9bffd2] is not eligible for getting processed by all BeanPostProcessors (for example: not eligible for auto-proxying)
2018-09-29-INFO  PostProcessorRegistrationDelegate$BeanPostProcessorChecker - Bean 'org.springframework.cloud.autoconfigure.ConfigurationPropertiesRebinderAutoConfiguration' of type [org.springframework.cloud.autoconfigure.ConfigurationPropertiesRebinderAutoConfiguration$$EnhancerBySpringCGLIB$$f6895c8e] is not eligible for getting processed by all BeanPostProcessors (for example: not eligible for auto-proxying)
2018-09-29-INFO  TomcatEmbeddedServletContainer - Tomcat initialized with port(s): 8081 (http)
2018-09-29-INFO  ContextLoader - Root WebApplicationContext: initialization completed in 3907 ms
2018-09-29-INFO  ServletRegistrationBean - Mapping servlet: 'dispatcherServlet' to [/]
2018-09-29-INFO  FilterRegistrationBean - Mapping filter: 'metricsFilter' to: [/*]
2018-09-29-INFO  FilterRegistrationBean - Mapping filter: 'characterEncodingFilter' to: [/*]
2018-09-29-INFO  FilterRegistrationBean - Mapping filter: 'hiddenHttpMethodFilter' to: [/*]
2018-09-29-INFO  FilterRegistrationBean - Mapping filter: 'httpPutFormContentFilter' to: [/*]
2018-09-29-INFO  FilterRegistrationBean - Mapping filter: 'requestContextFilter' to: [/*]
2018-09-29-INFO  FilterRegistrationBean - Mapping filter: 'webRequestLoggingFilter' to: [/*]
2018-09-29-INFO  FilterRegistrationBean - Mapping filter: 'applicationContextIdFilter' to: [/*]
2018-09-29-INFO  LocalContainerEntityManagerFactoryBean - Building JPA container EntityManagerFactory for persistence unit 'default'
2018-09-29-INFO  LogHelper - HHH000204: Processing PersistenceUnitInfo [
	name: default
	...]
2018-09-29-INFO  Version - HHH000412: Hibernate Core {5.0.12.Final}
2018-09-29-INFO  Environment - HHH000206: hibernate.properties not found
2018-09-29-INFO  Environment - HHH000021: Bytecode provider name : javassist
2018-09-29-INFO  Version - HCANN000001: Hibernate Commons Annotations {5.0.1.Final}
2018-09-29-INFO  Dialect - HHH000400: Using dialect: org.hibernate.dialect.Oracle9iDialect
2018-09-29-INFO  LobCreatorBuilderImpl - HHH000424: Disabling contextual LOB creation as createClob() method threw error : java.lang.reflect.InvocationTargetException
2018-09-29-INFO  LocalContainerEntityManagerFactoryBean - Initialized JPA EntityManagerFactory for persistence unit 'default'
2018-09-29-INFO  Dialect - HHH000400: Using dialect: org.hibernate.dialect.Oracle10gDialect
2018-09-29-INFO  LobCreatorBuilderImpl - HHH000424: Disabling contextual LOB creation as createClob() method threw error : java.lang.reflect.InvocationTargetException
2018-09-29-INFO  SpringTemplateLoader - SpringTemplateLoader for FreeMarker: using resource loader [org.springframework.boot.context.embedded.AnnotationConfigEmbeddedWebApplicationContext@1a760689: startup date [Sat Sep 29 16:04:46 IST 2018]; parent: org.springframework.context.annotation.AnnotationConfigApplicationContext@3e92efc3] and template loader path [classpath:/]
2018-09-29-WARN  ArchaiusAutoConfiguration - No spring.application.name found, defaulting to 'application'
2018-09-29-WARN  URLConfigurationSource - No URLs will be polled as dynamic configuration sources.
2018-09-29-INFO  URLConfigurationSource - To enable URLs as dynamic configuration sources, define System property archaius.configurationSource.additionalUrls or make config.properties available on classpath.
2018-09-29-WARN  URLConfigurationSource - No URLs will be polled as dynamic configuration sources.
2018-09-29-INFO  URLConfigurationSource - To enable URLs as dynamic configuration sources, define System property archaius.configurationSource.additionalUrls or make config.properties available on classpath.
2018-09-29-INFO  RequestMappingHandlerAdapter - Looking for @ControllerAdvice: org.springframework.boot.context.embedded.AnnotationConfigEmbeddedWebApplicationContext@1a760689: startup date [Sat Sep 29 16:04:46 IST 2018]; parent: org.springframework.context.annotation.AnnotationConfigApplicationContext@3e92efc3
2018-09-29-INFO  RequestMappingHandlerMapping - Mapped "{[/users/registerPassenger],methods=[POST],consumes=[application/json],produces=[application/json]}" onto public com.brs.beans.common.Response com.brs.userservicemanagement.controller.UserController.registerPassenger(com.brs.beans.common.PassengerProfileRQ)
2018-09-29-INFO  RequestMappingHandlerMapping - Mapped "{[/users/viewProfile],methods=[POST],consumes=[application/json],produces=[application/json]}" onto public com.brs.beans.common.Response com.brs.userservicemanagement.controller.UserController.getProfileDetails(com.brs.beans.common.ViewProfileRQ)
2018-09-29-INFO  RequestMappingHandlerMapping - Mapped "{[/users/validateOTP/{userId}/{otp}],methods=[GET],produces=[application/json]}" onto public com.brs.beans.common.Response com.brs.userservicemanagement.controller.UserController.validateOTP(java.lang.Long,java.lang.String)
2018-09-29-INFO  RequestMappingHandlerMapping - Mapped "{[/users/reset],methods=[GET],consumes=[application/json],produces=[application/json]}" onto public com.brs.beans.common.Response com.brs.userservicemanagement.controller.UserController.verfyURL(java.lang.String)
2018-09-29-INFO  RequestMappingHandlerMapping - Mapped "{[/users/forgotPassword],methods=[GET],consumes=[application/json],produces=[application/json]}" onto public com.brs.beans.common.Response com.brs.userservicemanagement.controller.UserController.forgotPossword(java.lang.String)
2018-09-29-INFO  RequestMappingHandlerMapping - Mapped "{[/users/changePassword],methods=[POST],consumes=[application/json],produces=[application/json]}" onto public com.brs.beans.common.Response com.brs.userservicemanagement.controller.UserController.changePassword(com.brs.beans.common.ChangePasswordRQ)
2018-09-29-INFO  RequestMappingHandlerMapping - Mapped "{[/users/login],methods=[POST],consumes=[application/json],produces=[application/json]}" onto public com.brs.beans.common.Response com.brs.userservicemanagement.controller.UserController.login(com.brs.beans.common.LoginRQ)
2018-09-29-INFO  RequestMappingHandlerMapping - Mapped "{[/users/resendOTP/{userId}],methods=[GET],produces=[application/json]}" onto public com.brs.beans.common.Response com.brs.userservicemanagement.controller.UserController.resendOTP()
2018-09-29-INFO  RequestMappingHandlerMapping - Mapped "{[/error]}" onto public org.springframework.http.ResponseEntity<java.util.Map<java.lang.String, java.lang.Object>> org.springframework.boot.autoconfigure.web.BasicErrorController.error(javax.servlet.http.HttpServletRequest)
2018-09-29-INFO  RequestMappingHandlerMapping - Mapped "{[/error],produces=[text/html]}" onto public org.springframework.web.servlet.ModelAndView org.springframework.boot.autoconfigure.web.BasicErrorController.errorHtml(javax.servlet.http.HttpServletRequest,javax.servlet.http.HttpServletResponse)
2018-09-29-INFO  SimpleUrlHandlerMapping - Mapped URL path [/webjars/**] onto handler of type [class org.springframework.web.servlet.resource.ResourceHttpRequestHandler]
2018-09-29-INFO  SimpleUrlHandlerMapping - Mapped URL path [/**] onto handler of type [class org.springframework.web.servlet.resource.ResourceHttpRequestHandler]
2018-09-29-INFO  SimpleUrlHandlerMapping - Mapped URL path [/**/favicon.ico] onto handler of type [class org.springframework.web.servlet.resource.ResourceHttpRequestHandler]
2018-09-29-INFO  EndpointHandlerMapping - Mapped "{[/archaius || /archaius.json],methods=[GET],produces=[application/vnd.spring-boot.actuator.v1+json || application/json]}" onto public java.lang.Object org.springframework.boot.actuate.endpoint.mvc.EndpointMvcAdapter.invoke()
2018-09-29-INFO  EndpointHandlerMapping - Mapped "{[/env/{name:.*}],methods=[GET],produces=[application/vnd.spring-boot.actuator.v1+json || application/json]}" onto public java.lang.Object org.springframework.boot.actuate.endpoint.mvc.EnvironmentMvcEndpoint.value(java.lang.String)
2018-09-29-INFO  EndpointHandlerMapping - Mapped "{[/env || /env.json],methods=[GET],produces=[application/vnd.spring-boot.actuator.v1+json || application/json]}" onto public java.lang.Object org.springframework.boot.actuate.endpoint.mvc.EndpointMvcAdapter.invoke()
2018-09-29-INFO  EndpointHandlerMapping - Mapped "{[/beans || /beans.json],methods=[GET],produces=[application/vnd.spring-boot.actuator.v1+json || application/json]}" onto public java.lang.Object org.springframework.boot.actuate.endpoint.mvc.EndpointMvcAdapter.invoke()
2018-09-29-INFO  EndpointHandlerMapping - Mapped "{[/configprops || /configprops.json],methods=[GET],produces=[application/vnd.spring-boot.actuator.v1+json || application/json]}" onto public java.lang.Object org.springframework.boot.actuate.endpoint.mvc.EndpointMvcAdapter.invoke()
2018-09-29-INFO  EndpointHandlerMapping - Mapped "{[/features || /features.json],methods=[GET],produces=[application/vnd.spring-boot.actuator.v1+json || application/json]}" onto public java.lang.Object org.springframework.boot.actuate.endpoint.mvc.EndpointMvcAdapter.invoke()
2018-09-29-INFO  EndpointHandlerMapping - Mapped "{[/dump || /dump.json],methods=[GET],produces=[application/vnd.spring-boot.actuator.v1+json || application/json]}" onto public java.lang.Object org.springframework.boot.actuate.endpoint.mvc.EndpointMvcAdapter.invoke()
2018-09-29-INFO  EndpointHandlerMapping - Mapped "{[/trace || /trace.json],methods=[GET],produces=[application/vnd.spring-boot.actuator.v1+json || application/json]}" onto public java.lang.Object org.springframework.boot.actuate.endpoint.mvc.EndpointMvcAdapter.invoke()
2018-09-29-INFO  EndpointHandlerMapping - Mapped "{[/loggers/{name:.*}],methods=[GET],produces=[application/vnd.spring-boot.actuator.v1+json || application/json]}" onto public java.lang.Object org.springframework.boot.actuate.endpoint.mvc.LoggersMvcEndpoint.get(java.lang.String)
2018-09-29-INFO  EndpointHandlerMapping - Mapped "{[/loggers/{name:.*}],methods=[POST],consumes=[application/vnd.spring-boot.actuator.v1+json || application/json],produces=[application/vnd.spring-boot.actuator.v1+json || application/json]}" onto public java.lang.Object org.springframework.boot.actuate.endpoint.mvc.LoggersMvcEndpoint.set(java.lang.String,java.util.Map<java.lang.String, java.lang.String>)
2018-09-29-INFO  EndpointHandlerMapping - Mapped "{[/loggers || /loggers.json],methods=[GET],produces=[application/vnd.spring-boot.actuator.v1+json || application/json]}" onto public java.lang.Object org.springframework.boot.actuate.endpoint.mvc.EndpointMvcAdapter.invoke()
2018-09-29-INFO  EndpointHandlerMapping - Mapped "{[/refresh || /refresh.json],methods=[POST]}" onto public java.lang.Object org.springframework.cloud.endpoint.GenericPostableMvcEndpoint.invoke()
2018-09-29-INFO  EndpointHandlerMapping - Mapped "{[/mappings || /mappings.json],methods=[GET],produces=[application/vnd.spring-boot.actuator.v1+json || application/json]}" onto public java.lang.Object org.springframework.boot.actuate.endpoint.mvc.EndpointMvcAdapter.invoke()
2018-09-29-INFO  EndpointHandlerMapping - Mapped "{[/metrics/{name:.*}],methods=[GET],produces=[application/vnd.spring-boot.actuator.v1+json || application/json]}" onto public java.lang.Object org.springframework.boot.actuate.endpoint.mvc.MetricsMvcEndpoint.value(java.lang.String)
2018-09-29-INFO  EndpointHandlerMapping - Mapped "{[/metrics || /metrics.json],methods=[GET],produces=[application/vnd.spring-boot.actuator.v1+json || application/json]}" onto public java.lang.Object org.springframework.boot.actuate.endpoint.mvc.EndpointMvcAdapter.invoke()
2018-09-29-INFO  EndpointHandlerMapping - Mapped "{[/heapdump || /heapdump.json],methods=[GET],produces=[application/octet-stream]}" onto public void org.springframework.boot.actuate.endpoint.mvc.HeapdumpMvcEndpoint.invoke(boolean,javax.servlet.http.HttpServletRequest,javax.servlet.http.HttpServletResponse) throws java.io.IOException,javax.servlet.ServletException
2018-09-29-INFO  EndpointHandlerMapping - Mapped "{[/health || /health.json],methods=[GET],produces=[application/vnd.spring-boot.actuator.v1+json || application/json]}" onto public java.lang.Object org.springframework.boot.actuate.endpoint.mvc.HealthMvcEndpoint.invoke(javax.servlet.http.HttpServletRequest,java.security.Principal)
2018-09-29-INFO  EndpointHandlerMapping - Mapped "{[/autoconfig || /autoconfig.json],methods=[GET],produces=[application/vnd.spring-boot.actuator.v1+json || application/json]}" onto public java.lang.Object org.springframework.boot.actuate.endpoint.mvc.EndpointMvcAdapter.invoke()
2018-09-29-INFO  EndpointHandlerMapping - Mapped "{[/service-registry/instance-status],methods=[GET]}" onto public org.springframework.http.ResponseEntity org.springframework.cloud.client.serviceregistry.endpoint.ServiceRegistryEndpoint.getStatus()
2018-09-29-INFO  EndpointHandlerMapping - Mapped "{[/service-registry/instance-status],methods=[POST]}" onto public org.springframework.http.ResponseEntity<?> org.springframework.cloud.client.serviceregistry.endpoint.ServiceRegistryEndpoint.setStatus(java.lang.String)
2018-09-29-INFO  EndpointHandlerMapping - Mapped "{[/env],methods=[POST]}" onto public java.lang.Object org.springframework.cloud.context.environment.EnvironmentManagerMvcEndpoint.value(java.util.Map<java.lang.String, java.lang.String>)
2018-09-29-INFO  EndpointHandlerMapping - Mapped "{[/env/reset],methods=[POST]}" onto public java.util.Map<java.lang.String, java.lang.Object> org.springframework.cloud.context.environment.EnvironmentManagerMvcEndpoint.reset()
2018-09-29-INFO  EndpointHandlerMapping - Mapped "{[/logfile || /logfile.json],methods=[GET || HEAD]}" onto public void org.springframework.boot.actuate.endpoint.mvc.LogFileMvcEndpoint.invoke(javax.servlet.http.HttpServletRequest,javax.servlet.http.HttpServletResponse) throws javax.servlet.ServletException,java.io.IOException
2018-09-29-INFO  EndpointHandlerMapping - Mapped "{[/auditevents || /auditevents.json],methods=[GET],produces=[application/vnd.spring-boot.actuator.v1+json || application/json]}" onto public org.springframework.http.ResponseEntity<?> org.springframework.boot.actuate.endpoint.mvc.AuditEventsMvcEndpoint.findByPrincipalAndAfterAndType(java.lang.String,java.util.Date,java.lang.String)
2018-09-29-INFO  EndpointHandlerMapping - Mapped "{[/info || /info.json],methods=[GET],produces=[application/vnd.spring-boot.actuator.v1+json || application/json]}" onto public java.lang.Object org.springframework.boot.actuate.endpoint.mvc.EndpointMvcAdapter.invoke()
2018-09-29-INFO  FreeMarkerConfigurer - ClassTemplateLoader for Spring macros added to FreeMarker configuration
2018-09-29-WARN  EurekaServerStarterDeprecationWarningAutoConfiguration - spring-cloud-starter-eureka-server is deprecated as of Spring Cloud Netflix 1.4.0, please migrate to spring-cloud-starter-netflix-eureka-server
2018-09-29-INFO  AnnotationMBeanExporter - Registering beans for JMX exposure on startup
2018-09-29-INFO  AnnotationMBeanExporter - Bean with name 'configurationPropertiesRebinder' has been autodetected for JMX exposure
2018-09-29-INFO  AnnotationMBeanExporter - Bean with name 'refreshEndpoint' has been autodetected for JMX exposure
2018-09-29-INFO  AnnotationMBeanExporter - Bean with name 'environmentManager' has been autodetected for JMX exposure
2018-09-29-INFO  AnnotationMBeanExporter - Bean with name 'serviceRegistryEndpoint' has been autodetected for JMX exposure
2018-09-29-INFO  AnnotationMBeanExporter - Bean with name 'refreshScope' has been autodetected for JMX exposure
2018-09-29-INFO  AnnotationMBeanExporter - Located managed bean 'environmentManager': registering with JMX server as MBean [org.springframework.cloud.context.environment:name=environmentManager,type=EnvironmentManager]
2018-09-29-INFO  AnnotationMBeanExporter - Located managed bean 'serviceRegistryEndpoint': registering with JMX server as MBean [org.springframework.cloud.client.serviceregistry.endpoint:name=serviceRegistryEndpoint,type=ServiceRegistryEndpoint]
2018-09-29-INFO  AnnotationMBeanExporter - Located managed bean 'refreshScope': registering with JMX server as MBean [org.springframework.cloud.context.scope.refresh:name=refreshScope,type=RefreshScope]
2018-09-29-INFO  AnnotationMBeanExporter - Located managed bean 'configurationPropertiesRebinder': registering with JMX server as MBean [org.springframework.cloud.context.properties:name=configurationPropertiesRebinder,context=1a760689,type=ConfigurationPropertiesRebinder]
2018-09-29-INFO  AnnotationMBeanExporter - Located managed bean 'refreshEndpoint': registering with JMX server as MBean [org.springframework.cloud.endpoint:name=refreshEndpoint,type=RefreshEndpoint]
2018-09-29-INFO  EndpointMBeanExporter - Registering beans for JMX exposure on startup
2018-09-29-INFO  DefaultLifecycleProcessor - Starting beans in phase 0
2018-09-29-INFO  InstanceInfoFactory - Setting initial instance status as: STARTING
2018-09-29-INFO  DiscoveryClient - Initializing Eureka in region us-east-1
2018-09-29-INFO  DiscoveryJerseyProvider - Using JSON encoding codec LegacyJacksonJson
2018-09-29-INFO  DiscoveryJerseyProvider - Using JSON decoding codec LegacyJacksonJson
2018-09-29-INFO  DiscoveryJerseyProvider - Using XML encoding codec XStreamXml
2018-09-29-INFO  DiscoveryJerseyProvider - Using XML decoding codec XStreamXml
2018-09-29-INFO  ConfigClusterResolver - Resolving eureka endpoints via configuration
2018-09-29-INFO  DiscoveryClient - Disable delta property : false
2018-09-29-INFO  DiscoveryClient - Single vip registry refresh property : null
2018-09-29-INFO  DiscoveryClient - Force full registry fetch : false
2018-09-29-INFO  DiscoveryClient - Application is null : false
2018-09-29-INFO  DiscoveryClient - Registered Applications size is zero : true
2018-09-29-INFO  DiscoveryClient - Application version is -1: true
2018-09-29-INFO  DiscoveryClient - Getting all instance registry info from the eureka server
2018-09-29-INFO  DiscoveryClient - The response status is 200
2018-09-29-INFO  DiscoveryClient - Starting heartbeat executor: renew interval is: 30
2018-09-29-INFO  InstanceInfoReplicator - InstanceInfoReplicator onDemand update allowed rate per min is 4
2018-09-29-INFO  DiscoveryClient - Discovery Client initialized at timestamp 1538217300077 with initial instances count: 0
2018-09-29-INFO  EurekaServiceRegistry - Registering application UserService with eureka with status UP
2018-09-29-INFO  DiscoveryClient - Saw local status change event StatusChangeEvent [timestamp=1538217300086, current=UP, previous=STARTING]
2018-09-29-INFO  DiscoveryClient - DiscoveryClient_USERSERVICE/sunil-PC:8081: registering service...
2018-09-29-INFO  EndpointMBeanExporter - Located managed bean 'auditEventsEndpoint': registering with JMX server as MBean [org.springframework.boot:type=Endpoint,name=auditEventsEndpoint]
2018-09-29-INFO  EndpointMBeanExporter - Located managed bean 'archaiusEndpoint': registering with JMX server as MBean [org.springframework.boot:type=Endpoint,name=archaiusEndpoint]
2018-09-29-INFO  EndpointMBeanExporter - Located managed bean 'featuresEndpoint': registering with JMX server as MBean [org.springframework.boot:type=Endpoint,name=featuresEndpoint]
2018-09-29-INFO  EndpointMBeanExporter - Located managed bean 'requestMappingEndpoint': registering with JMX server as MBean [org.springframework.boot:type=Endpoint,name=requestMappingEndpoint]
2018-09-29-INFO  EndpointMBeanExporter - Located managed bean 'environmentEndpoint': registering with JMX server as MBean [org.springframework.boot:type=Endpoint,name=environmentEndpoint]
2018-09-29-INFO  EndpointMBeanExporter - Located managed bean 'healthEndpoint': registering with JMX server as MBean [org.springframework.boot:type=Endpoint,name=healthEndpoint]
2018-09-29-INFO  EndpointMBeanExporter - Located managed bean 'beansEndpoint': registering with JMX server as MBean [org.springframework.boot:type=Endpoint,name=beansEndpoint]
2018-09-29-INFO  EndpointMBeanExporter - Located managed bean 'infoEndpoint': registering with JMX server as MBean [org.springframework.boot:type=Endpoint,name=infoEndpoint]
2018-09-29-INFO  EndpointMBeanExporter - Located managed bean 'loggersEndpoint': registering with JMX server as MBean [org.springframework.boot:type=Endpoint,name=loggersEndpoint]
2018-09-29-INFO  EndpointMBeanExporter - Located managed bean 'metricsEndpoint': registering with JMX server as MBean [org.springframework.boot:type=Endpoint,name=metricsEndpoint]
2018-09-29-INFO  EndpointMBeanExporter - Located managed bean 'traceEndpoint': registering with JMX server as MBean [org.springframework.boot:type=Endpoint,name=traceEndpoint]
2018-09-29-INFO  EndpointMBeanExporter - Located managed bean 'dumpEndpoint': registering with JMX server as MBean [org.springframework.boot:type=Endpoint,name=dumpEndpoint]
2018-09-29-INFO  EndpointMBeanExporter - Located managed bean 'autoConfigurationReportEndpoint': registering with JMX server as MBean [org.springframework.boot:type=Endpoint,name=autoConfigurationReportEndpoint]
2018-09-29-INFO  EndpointMBeanExporter - Located managed bean 'configurationPropertiesReportEndpoint': registering with JMX server as MBean [org.springframework.boot:type=Endpoint,name=configurationPropertiesReportEndpoint]
2018-09-29-INFO  TomcatEmbeddedServletContainer - Tomcat started on port(s): 8081 (http)
2018-09-29-INFO  EurekaAutoServiceRegistration - Updating port to 8081
2018-09-29-INFO  UserServiceApplication - Started UserServiceApplication in 15.358 seconds (JVM running for 16.255)
2018-09-29-INFO  DiscoveryClient - DiscoveryClient_USERSERVICE/sunil-PC:8081 - registration status: 204
2018-09-29-INFO  DiscoveryClient - Disable delta property : false
2018-09-29-INFO  DiscoveryClient - Single vip registry refresh property : null
2018-09-29-INFO  DiscoveryClient - Force full registry fetch : false
2018-09-29-INFO  DiscoveryClient - Application is null : false
2018-09-29-INFO  DiscoveryClient - Registered Applications size is zero : true
2018-09-29-INFO  DiscoveryClient - Application version is -1: false
2018-09-29-INFO  DiscoveryClient - Getting all instance registry info from the eureka server
2018-09-29-INFO  DiscoveryClient - The response status is 200
2018-09-29-INFO  ConfigClusterResolver - Resolving eureka endpoints via configuration
2018-09-29-INFO  ConfigClusterResolver - Resolving eureka endpoints via configuration
2018-09-29-INFO  ConfigClusterResolver - Resolving eureka endpoints via configuration
2018-09-29-INFO  DispatcherServlet - FrameworkServlet 'dispatcherServlet': initialization started
2018-09-29-INFO  DispatcherServlet - FrameworkServlet 'dispatcherServlet': initialization completed in 20 ms
2018-09-29-INFO  UserServiceImpl - Entered into registe  rPassenger [http-nio-8081-exec-1]
2018-09-29-INFO  QueryTranslatorFactoryInitiator - HHH000397: Using ASTQueryTranslatorFactory
2018-09-29-WARN  HqlSqlWalker - [DEPRECATION] Encountered positional parameter near line 1, column 95 in HQL: [select roles.roleId from com.brs.userservicemanagement.entity.Roles as roles where roles.role=?].  Positional parameter are considered deprecated; use named parameters or JPA-style positional parameters instead.
2018-09-29-INFO  BRSSMSEventListener - Entered into onApplicationEvent() 
2018-09-29-INFO  UserServiceImpl - response of registerPassenger : Response [status=SUCCESS, msg=Please enter the otp sent to your mobile xxxxx9555, data=200] [ http-nio-8081-exec-1 ]  Time : 1243
2018-09-29-INFO  ConfigClusterResolver - Resolving eureka endpoints via configuration
2018-09-29-INFO  SpringApplicationAdminMXBeanRegistrar$SpringApplicationAdmin - Application shutdown requested.
2018-09-29-INFO  AnnotationConfigEmbeddedWebApplicationContext - Closing org.springframework.boot.context.embedded.AnnotationConfigEmbeddedWebApplicationContext@1a760689: startup date [Sat Sep 29 16:04:46 IST 2018]; parent: org.springframework.context.annotation.AnnotationConfigApplicationContext@3e92efc3
2018-09-29-INFO  EurekaServiceRegistry - Unregistering application UserService with eureka with status DOWN
2018-09-29-WARN  DiscoveryClient - Saw local status change event StatusChangeEvent [timestamp=1538218605803, current=DOWN, previous=UP]
2018-09-29-INFO  DiscoveryClient - DiscoveryClient_USERSERVICE/sunil-PC:8081: registering service...
2018-09-29-INFO  DefaultLifecycleProcessor - Stopping beans in phase 0
2018-09-29-INFO  DiscoveryClient - DiscoveryClient_USERSERVICE/sunil-PC:8081 - registration status: 204
2018-09-29-INFO  EndpointMBeanExporter - Unregistering JMX-exposed beans on shutdown
2018-09-29-INFO  EndpointMBeanExporter - Unregistering JMX-exposed beans
2018-09-29-INFO  AnnotationMBeanExporter - Unregistering JMX-exposed beans on shutdown
2018-09-29-INFO  AnnotationMBeanExporter - Unregistering JMX-exposed beans
2018-09-29-INFO  DiscoveryClient - Shutting down DiscoveryClient ...
2018-09-29-INFO  DiscoveryClient - Unregistering ...
2018-09-29-INFO  DiscoveryClient - DiscoveryClient_USERSERVICE/sunil-PC:8081 - deregister  status: 200
2018-09-29-INFO  DiscoveryClient - Completed shut down of DiscoveryClient
2018-09-29-INFO  LocalContainerEntityManagerFactoryBean - Closing JPA EntityManagerFactory for persistence unit 'default'
